<?xml version="1.0" encoding="UTF-8"?>
<testExecutions version="1">
  <file path="D:\Zemoso-Training\React\react-learning\react-blinklist\src\components\atoms\avatars\__test__\Avatar.test.tsx">
    <testCase name="AvatarUser should Render the Avatar with the given text" duration="58"/>
  </file>
  <file path="D:\Zemoso-Training\React\react-learning\react-blinklist\src\components\molecules\banner\Banner.test.tsx">
    <testCase name="Banner should render the Banner Image with the Link" duration="61"/>
    <testCase name="Banner should render the heading of the banner as required" duration="19"/>
    <testCase name="Banner should render the text of the banner as required" duration="10"/>
  </file>
  <file path="D:\Zemoso-Training\React\react-learning\react-blinklist\src\components\molecules\searchbar\Search.test.tsx">
    <testCase name="SearchBar should render the Search Input" duration="74"/>
    <testCase name="SearchBar should able to enter the text" duration="30"/>
  </file>
  <file path="D:\Zemoso-Training\React\react-learning\react-blinklist\src\pages\Book.test.tsx">
    <testCase name="Book BookTexts should render the book comment" duration="415"/>
  </file>
  <file path="D:\Zemoso-Training\React\react-learning\react-blinklist\src\components\templates\template.test.tsx">
    <testCase name="Template should render the children as passed in the props" duration="137"/>
  </file>
  <file path="D:\Zemoso-Training\React\react-learning\react-blinklist\src\components\molecules\tabs\TabsBook.test.tsx">
    <testCase name="TabsBook should render all the tabs" duration="162"/>
    <testCase name="TabsBook should render the First panels text" duration="42"/>
    <testCase name="TabsBook should render the Second Panel Text" duration="43"/>
    <testCase name="TabsBook should render the Third Panel Text" duration="31"/>
  </file>
  <file path="D:\Zemoso-Training\React\react-learning\react-blinklist\src\components\organisms\cards_grid\CardGrid.test.tsx">
    <testCase name="CardGrid should render the Grid Items" duration="148"/>
  </file>
  <file path="D:\Zemoso-Training\React\react-learning\react-blinklist\src\components\molecules\tabs\TabsBlinkList.test.tsx">
    <testCase name="TabsBlinkList should render the Tabs" duration="234"/>
    <testCase name="TabsBlinkList should render the Tab panel one" duration="37"/>
    <testCase name="TabsBlinkList should render the Tab panel two" duration="40"/>
  </file>
  <file path="D:\Zemoso-Training\React\react-learning\react-blinklist\src\components\organisms\extended_nav\ExtendedNav.test.tsx">
    <testCase name="ExtendedNav should return the nav item" duration="221"/>
    <testCase name="ExtendedNav ExtendedNavCardDetails should return the grid element" duration="200"/>
    <testCase name="ExtendedNav ExtendedNavCardDetails should return the icon Image" duration="154"/>
    <testCase name="ExtendedNav ExtendedNavCardDetails should handle click in the nav" duration="180"/>
  </file>
  <file path="D:\Zemoso-Training\React\react-learning\react-blinklist\src\components\organisms\headers\Header.test.tsx">
    <testCase name="Header should render Explore Text" duration="66"/>
    <testCase name="Header should able to Click Explore" duration="74"/>
    <testCase name="Header should redner the Mylibrary Text" duration="19"/>
    <testCase name="Header should redner the Mylibrary Button" duration="34"/>
    <testCase name="Header should render the DropDown Arrow of Accounts" duration="33"/>
  </file>
  <file path="D:\Zemoso-Training\React\react-learning\react-blinklist\src\components\molecules\buttons\ButtonBook.test.tsx">
    <testCase name="ButtonBook should render the Button with the text" duration="52"/>
    <testCase name="ButtonBook should handle the Click" duration="60"/>
  </file>
  <file path="D:\Zemoso-Training\React\react-learning\react-blinklist\src\components\molecules\FooterMap\FooterNav.test.tsx">
    <testCase name="FooterNav should render Editorial Grid Element" duration="38"/>
    <testCase name="FooterNav should render Useful links Grid Element" duration="32"/>
    <testCase name="FooterNav should render Company Grid Element" duration="25"/>
  </file>
  <file path="D:\Zemoso-Training\React\react-learning\react-blinklist\src\components\organisms\footer\Footer.test.tsx">
    <testCase name="Footer should" duration="74"/>
  </file>
  <file path="D:\Zemoso-Training\React\react-learning\react-blinklist\src\components\atoms\FooterMap\FooterInfo.test.tsx">
    <testCase name="FooterInfo should return the footer text" duration="9"/>
  </file>
  <file path="D:\Zemoso-Training\React\react-learning\react-blinklist\src\components\molecules\FooterMap\FooterLeftContent.test.tsx">
    <testCase name="FooterLeftContent should render the text of Footer" duration="19"/>
  </file>
  <file path="D:\Zemoso-Training\React\react-learning\react-blinklist\src\components\atoms\cover_image\Cover.test.tsx">
    <testCase name="BookCover should render the image passed to the link" duration="7"/>
  </file>
  <file path="D:\Zemoso-Training\React\react-learning\react-blinklist\src\components\atoms\icons\IconImage.test.tsx">
    <testCase name="IconImage should return the Icon of the Image link" duration="10"/>
  </file>
  <file path="D:\Zemoso-Training\React\react-learning\react-blinklist\src\components\atoms\logo\Logo.test.tsx">
    <testCase name="Logo should render the Logo with the link" duration="7"/>
  </file>
</testExecutions>