<?xml version="1.0" encoding="UTF-8"?>
<testExecutions version="1">
  <file path="D:\Zemoso-Training\React\react-learning\react-blinklist\src\components\molecules\tabs\TabsBook.test.tsx">
    <testCase name="TabsBook should render all the tabs" duration="209"/>
    <testCase name="TabsBook should render the First panels text" duration="50"/>
    <testCase name="TabsBook should render the Second Panel Text" duration="42"/>
    <testCase name="TabsBook should render the Third Panel Text" duration="37"/>
    <testCase name="TabsBook should able to change the value of the tabs" duration="126"/>
  </file>
  <file path="D:\Zemoso-Training\React\react-learning\react-blinklist\src\components\organisms\book_card\BookCard.test.tsx">
    <testCase name="BookCard BookCardTestWithNullValues should not fire call the method" duration="133"/>
    <testCase name="BookCard BookCardTexts should render the title" duration="36"/>
    <testCase name="BookCard BookCardTexts should render the author" duration="20"/>
    <testCase name="BookCard BookCardTexts should render the time required to read" duration="17"/>
    <testCase name="BookCard BookCardTexts should render the reads" duration="28"/>
    <testCase name="BookCard BookCardButtonLinks should render the add button" duration="319"/>
    <testCase name="BookCard BookCardButtonLinks should render the finish Link" duration="29"/>
    <testCase name="BookCard BookCardButtonLinks should render the Read again Link" duration="33"/>
    <testCase name="BookCard BookCardButtonLinks should not render the add to library if already added" duration="109"/>
    <testCase name="BookCard BookCardHandleClick should update the API with add Button" duration="116"/>
    <testCase name="BookCard BookCardHandleClick should update the API with finished Button" duration="27"/>
    <testCase name="BookCard BookCardHandleClick should update the API with Read Again Button" duration="28"/>
    <testCase name="BookCard BookCardHandleClick should navigate to the Book Screen when clicked on card" duration="128"/>
    <testCase name="BookCard BookCardHandleClick should not navigate to the Book Screen when clicked on card at Home" duration="128"/>
  </file>
  <file path="D:\Zemoso-Training\React\react-learning\react-blinklist\src\components\molecules\searchbar\Search.test.tsx">
    <testCase name="SearchBar should render the Search Input" duration="113"/>
    <testCase name="SearchBar should able to enter the text" duration="40"/>
    <testCase name="SearchBar should not fire an event if props is not passed" duration="20"/>
  </file>
  <file path="D:\Zemoso-Training\React\react-learning\react-blinklist\src\components\organisms\extended_nav\ExtendedNav.test.tsx">
    <testCase name="ExtendedNav ExtendedNav Navigation Tab should return the nav item" duration="221"/>
    <testCase name="ExtendedNav ExtendedNav Navigation Tab should change the tab when clicked" duration="108"/>
    <testCase name="ExtendedNav ExtendedNavCardDetails should return the grid element" duration="97">
      <failure message="TypeError: Cannot read property &apos;data&apos; of undefined"><![CDATA[TypeError: Cannot read property 'data' of undefined
    at D:\Zemoso-Training\React\react-learning\react-blinklist\src\components\organisms\extended_nav\ExtendedNav.tsx:58:30
    at processTicksAndRejections (internal/process/task_queues.js:95:5)]]></failure>
      <failure message="TypeError: Cannot read property &apos;data&apos; of undefined"><![CDATA[TypeError: Cannot read property 'data' of undefined
    at D:\Zemoso-Training\React\react-learning\react-blinklist\src\components\organisms\extended_nav\ExtendedNav.tsx:58:30
    at processTicksAndRejections (internal/process/task_queues.js:95:5)]]></failure>
    </testCase>
    <testCase name="ExtendedNav ExtendedNavCardDetails should return the icon Image" duration="48"/>
    <testCase name="ExtendedNav ExtendedNavCardDetails should handle click in the nav" duration="45"/>
  </file>
  <file path="D:\Zemoso-Training\React\react-learning\react-blinklist\src\components\organisms\cards_grid\CardGrid.test.tsx">
    <testCase name="CardGrid should render the Grid Items" duration="158"/>
    <testCase name="CardGrid should change the state when props is changed" duration="42"/>
  </file>
  <file path="D:\Zemoso-Training\React\react-learning\react-blinklist\src\components\molecules\buttons\ButtonBook.test.tsx">
    <testCase name="ButtonBook should render the Button with the text" duration="21"/>
    <testCase name="ButtonBook should handle the Click" duration="145"/>
    <testCase name="ButtonBook should not fire an event if props not passed" duration="19"/>
  </file>
  <file path="D:\Zemoso-Training\React\react-learning\react-blinklist\src\components\molecules\tabs\TabsBlinkList.test.tsx">
    <testCase name="TabsBlinkList should render the Tabs" duration="154"/>
    <testCase name="TabsBlinkList should render the Tab panel one" duration="67"/>
    <testCase name="TabsBlinkList should render the Tab panel two" duration="110"/>
  </file>
</testExecutions>